ARM GAS  C:\Users\BIGBIG~1\AppData\Local\Temp\ccUXREso.s 			page 1


   1              		.cpu cortex-m7
   2              		.eabi_attribute 28, 1
   3              		.eabi_attribute 20, 1
   4              		.eabi_attribute 21, 1
   5              		.eabi_attribute 23, 3
   6              		.eabi_attribute 24, 1
   7              		.eabi_attribute 25, 1
   8              		.eabi_attribute 26, 1
   9              		.eabi_attribute 30, 1
  10              		.eabi_attribute 34, 1
  11              		.eabi_attribute 18, 4
  12              		.file	"stm32f7xx_hal_tim.c"
  13              		.text
  14              	.Ltext0:
  15              		.cfi_sections	.debug_frame
  16              	.Letext0:
  17              		.file 1 "c:\\program files (x86)\\gnu arm embedded toolchain\\9 2020-q2-update\\arm-none-eabi\\inc
  18              		.file 2 "c:\\program files (x86)\\gnu arm embedded toolchain\\9 2020-q2-update\\arm-none-eabi\\inc
  19              		.file 3 "dev/CMSIS/Include/core_cm7.h"
  20              		.file 4 "dev/CMSIS/Device/ST/STM32F7xx/Include/system_stm32f7xx.h"
  21              		.file 5 "dev/STM32F7xx_HAL_Driver/Inc/stm32f7xx_hal.h"
ARM GAS  C:\Users\BIGBIG~1\AppData\Local\Temp\ccUXREso.s 			page 2


DEFINED SYMBOLS
                            *ABS*:00000000 stm32f7xx_hal_tim.c

NO UNDEFINED SYMBOLS
