ARM GAS  C:\Users\BIGBIG~1\AppData\Local\Temp\ccCVbx1l.s 			page 1


   1              		.cpu cortex-m7
   2              		.eabi_attribute 28, 1
   3              		.eabi_attribute 20, 1
   4              		.eabi_attribute 21, 1
   5              		.eabi_attribute 23, 3
   6              		.eabi_attribute 24, 1
   7              		.eabi_attribute 25, 1
   8              		.eabi_attribute 26, 1
   9              		.eabi_attribute 30, 1
  10              		.eabi_attribute 34, 1
  11              		.eabi_attribute 18, 4
  12              		.file	"uart.c"
  13              		.text
  14              	.Ltext0:
  15              		.cfi_sections	.debug_frame
  16              		.section	.text.usart_putchar,"ax",%progbits
  17              		.align	1
  18              		.global	usart_putchar
  19              		.arch armv7e-m
  20              		.syntax unified
  21              		.thumb
  22              		.thumb_func
  23              		.fpu fpv5-d16
  25              	usart_putchar:
  26              	.LVL0:
  27              	.LFB141:
  28              		.file 1 "dev/BSP/board/uart.c"
   1:dev/BSP/board/uart.c **** #include <stdint.h>
   2:dev/BSP/board/uart.c **** #include "stm32f7xx_hal.h"
   3:dev/BSP/board/uart.c **** #include "stm32f7xx_hal_uart.h"
   4:dev/BSP/board/uart.c **** 
   5:dev/BSP/board/uart.c **** 
   6:dev/BSP/board/uart.c **** extern UART_HandleTypeDef huart3;
   7:dev/BSP/board/uart.c **** /**
   8:dev/BSP/board/uart.c ****  * @brief send a character to terminal
   9:dev/BSP/board/uart.c ****  * 
  10:dev/BSP/board/uart.c ****  * @param ch character for send
  11:dev/BSP/board/uart.c ****  * @return int 
  12:dev/BSP/board/uart.c ****  */
  13:dev/BSP/board/uart.c **** int usart_putchar(int ch)
  14:dev/BSP/board/uart.c **** {
  29              		.loc 1 14 1 view -0
  30              		.cfi_startproc
  31              		@ args = 0, pretend = 0, frame = 8
  32              		@ frame_needed = 0, uses_anonymous_args = 0
  33              		.loc 1 14 1 is_stmt 0 view .LVU1
  34 0000 10B5     		push	{r4, lr}
  35              	.LCFI0:
  36              		.cfi_def_cfa_offset 8
  37              		.cfi_offset 4, -8
  38              		.cfi_offset 14, -4
  39 0002 82B0     		sub	sp, sp, #8
  40              	.LCFI1:
  41              		.cfi_def_cfa_offset 16
  42 0004 0446     		mov	r4, r0
  15:dev/BSP/board/uart.c ****   uint8_t c = (uint8_t)ch;
  43              		.loc 1 15 3 is_stmt 1 view .LVU2
ARM GAS  C:\Users\BIGBIG~1\AppData\Local\Temp\ccCVbx1l.s 			page 2


  44              		.loc 1 15 11 is_stmt 0 view .LVU3
  45 0006 8DF80700 		strb	r0, [sp, #7]
  16:dev/BSP/board/uart.c ****   HAL_UART_Transmit(&huart3, &c, 1, 10);
  46              		.loc 1 16 3 is_stmt 1 view .LVU4
  47 000a 0A23     		movs	r3, #10
  48 000c 0122     		movs	r2, #1
  49 000e 0DF10701 		add	r1, sp, #7
  50 0012 0348     		ldr	r0, .L3
  51              	.LVL1:
  52              		.loc 1 16 3 is_stmt 0 view .LVU5
  53 0014 FFF7FEFF 		bl	HAL_UART_Transmit
  54              	.LVL2:
  17:dev/BSP/board/uart.c ****   return ch;
  55              		.loc 1 17 3 is_stmt 1 view .LVU6
  18:dev/BSP/board/uart.c **** }...
  56              		.loc 1 18 1 is_stmt 0 view .LVU7
  57 0018 2046     		mov	r0, r4
  58 001a 02B0     		add	sp, sp, #8
  59              	.LCFI2:
  60              		.cfi_def_cfa_offset 8
  61              		@ sp needed
  62 001c 10BD     		pop	{r4, pc}
  63              	.LVL3:
  64              	.L4:
  65              		.loc 1 18 1 view .LVU8
  66 001e 00BF     		.align	2
  67              	.L3:
  68 0020 00000000 		.word	huart3
  69              		.cfi_endproc
  70              	.LFE141:
  72              		.text
  73              	.Letext0:
  74              		.file 2 "c:\\program files (x86)\\gnu arm embedded toolchain\\9 2020-q2-update\\arm-none-eabi\\inc
  75              		.file 3 "c:\\program files (x86)\\gnu arm embedded toolchain\\9 2020-q2-update\\arm-none-eabi\\inc
  76              		.file 4 "dev/CMSIS/Include/core_cm7.h"
  77              		.file 5 "dev/CMSIS/Device/ST/STM32F7xx/Include/system_stm32f7xx.h"
  78              		.file 6 "dev/CMSIS/Device/ST/STM32F7xx/Include/stm32f767xx.h"
  79              		.file 7 "dev/STM32F7xx_HAL_Driver/Inc/stm32f7xx_hal_def.h"
  80              		.file 8 "dev/STM32F7xx_HAL_Driver/Inc/stm32f7xx_hal_dma.h"
  81              		.file 9 "dev/STM32F7xx_HAL_Driver/Inc/stm32f7xx_hal_uart.h"
  82              		.file 10 "dev/STM32F7xx_HAL_Driver/Inc/stm32f7xx_hal.h"
ARM GAS  C:\Users\BIGBIG~1\AppData\Local\Temp\ccCVbx1l.s 			page 3


DEFINED SYMBOLS
                            *ABS*:00000000 uart.c
C:\Users\BIGBIG~1\AppData\Local\Temp\ccCVbx1l.s:17     .text.usart_putchar:00000000 $t
C:\Users\BIGBIG~1\AppData\Local\Temp\ccCVbx1l.s:25     .text.usart_putchar:00000000 usart_putchar
C:\Users\BIGBIG~1\AppData\Local\Temp\ccCVbx1l.s:68     .text.usart_putchar:00000020 $d

UNDEFINED SYMBOLS
HAL_UART_Transmit
huart3
