ARM GAS  C:\Users\BIGBIG~1\AppData\Local\Temp\cc7ICCZn.s 			page 1


   1              		.cpu cortex-m7
   2              		.eabi_attribute 28, 1
   3              		.eabi_attribute 20, 1
   4              		.eabi_attribute 21, 1
   5              		.eabi_attribute 23, 3
   6              		.eabi_attribute 24, 1
   7              		.eabi_attribute 25, 1
   8              		.eabi_attribute 26, 1
   9              		.eabi_attribute 30, 1
  10              		.eabi_attribute 34, 1
  11              		.eabi_attribute 18, 4
  12              		.file	"usbd_desc.c"
  13              		.text
  14              	.Ltext0:
  15              		.cfi_sections	.debug_frame
  16              		.section	.text.USBD_FS_DeviceDescriptor,"ax",%progbits
  17              		.align	1
  18              		.global	USBD_FS_DeviceDescriptor
  19              		.arch armv7e-m
  20              		.syntax unified
  21              		.thumb
  22              		.thumb_func
  23              		.fpu fpv5-d16
  25              	USBD_FS_DeviceDescriptor:
  26              	.LVL0:
  27              	.LFB145:
  28              		.file 1 "usb/usbd_desc.c"
   1:usb/usbd_desc.c **** /**
   2:usb/usbd_desc.c ****   ******************************************************************************
   3:usb/usbd_desc.c ****   * @file           : App/usbd_desc.c
   4:usb/usbd_desc.c ****   * @version        : v1.0_Cube
   5:usb/usbd_desc.c ****   * @brief          : This file implements the USB device descriptors.
   6:usb/usbd_desc.c ****   ******************************************************************************
   7:usb/usbd_desc.c ****   * @attention
   8:usb/usbd_desc.c ****   *
   9:usb/usbd_desc.c ****   * <h2><center>&copy; Copyright (c) 2020 STMicroelectronics.
  10:usb/usbd_desc.c ****   * All rights reserved.</center></h2>
  11:usb/usbd_desc.c ****   *
  12:usb/usbd_desc.c ****   * This software component is licensed by ST under Ultimate Liberty license
  13:usb/usbd_desc.c ****   * SLA0044, the "License"; You may not use this file except in compliance with
  14:usb/usbd_desc.c ****   * the License. You may obtain a copy of the License at:
  15:usb/usbd_desc.c ****   *                             www.st.com/SLA0044
  16:usb/usbd_desc.c ****   *
  17:usb/usbd_desc.c ****   ******************************************************************************
  18:usb/usbd_desc.c ****   */
  19:usb/usbd_desc.c **** 
  20:usb/usbd_desc.c **** /* Includes ------------------------------------------------------------------*/
  21:usb/usbd_desc.c **** #include "usbd_core.h"
  22:usb/usbd_desc.c **** #include "usbd_desc.h"
  23:usb/usbd_desc.c **** #include "usbd_conf.h"
  24:usb/usbd_desc.c **** 
  25:usb/usbd_desc.c **** /* Private typedef -----------------------------------------------------------*/
  26:usb/usbd_desc.c **** /* Private define ------------------------------------------------------------*/
  27:usb/usbd_desc.c **** /* Private macro -------------------------------------------------------------*/
  28:usb/usbd_desc.c **** 
  29:usb/usbd_desc.c **** /* USER CODE BEGIN PV */
  30:usb/usbd_desc.c **** /* Private variables ---------------------------------------------------------*/
ARM GAS  C:\Users\BIGBIG~1\AppData\Local\Temp\cc7ICCZn.s 			page 2


  31:usb/usbd_desc.c **** 
  32:usb/usbd_desc.c **** /* USER CODE END PV */
  33:usb/usbd_desc.c **** 
  34:usb/usbd_desc.c **** /** @addtogroup STM32_USB_OTG_DEVICE_LIBRARY
  35:usb/usbd_desc.c ****   * @{
  36:usb/usbd_desc.c ****   */
  37:usb/usbd_desc.c **** 
  38:usb/usbd_desc.c **** /** @addtogroup USBD_DESC
  39:usb/usbd_desc.c ****   * @{
  40:usb/usbd_desc.c ****   */
  41:usb/usbd_desc.c **** 
  42:usb/usbd_desc.c **** /** @defgroup USBD_DESC_Private_TypesDefinitions USBD_DESC_Private_TypesDefinitions
  43:usb/usbd_desc.c ****   * @brief Private types.
  44:usb/usbd_desc.c ****   * @{
  45:usb/usbd_desc.c ****   */
  46:usb/usbd_desc.c **** 
  47:usb/usbd_desc.c **** /* USER CODE BEGIN PRIVATE_TYPES */
  48:usb/usbd_desc.c **** 
  49:usb/usbd_desc.c **** /* USER CODE END PRIVATE_TYPES */
  50:usb/usbd_desc.c **** 
  51:usb/usbd_desc.c **** /**
  52:usb/usbd_desc.c ****   * @}
  53:usb/usbd_desc.c ****   */
  54:usb/usbd_desc.c **** 
  55:usb/usbd_desc.c **** /** @defgroup USBD_DESC_Private_Defines USBD_DESC_Private_Defines
  56:usb/usbd_desc.c ****   * @brief Private defines.
  57:usb/usbd_desc.c ****   * @{
  58:usb/usbd_desc.c ****   */
  59:usb/usbd_desc.c **** 
  60:usb/usbd_desc.c **** #define USBD_VID     1155
  61:usb/usbd_desc.c **** #define USBD_LANGID_STRING     1033
  62:usb/usbd_desc.c **** #define USBD_MANUFACTURER_STRING     "STMicroelectronics"
  63:usb/usbd_desc.c **** #define USBD_PID_FS     22315
  64:usb/usbd_desc.c **** #define USBD_PRODUCT_STRING_FS     "WHZ Gasture HID"
  65:usb/usbd_desc.c **** #define USBD_CONFIGURATION_STRING_FS     "HID Config"
  66:usb/usbd_desc.c **** #define USBD_INTERFACE_STRING_FS     "HID Interface"
  67:usb/usbd_desc.c **** 
  68:usb/usbd_desc.c **** #define USB_SIZ_BOS_DESC            0x0C
  69:usb/usbd_desc.c **** 
  70:usb/usbd_desc.c **** /* USER CODE BEGIN PRIVATE_DEFINES */
  71:usb/usbd_desc.c **** 
  72:usb/usbd_desc.c **** /* USER CODE END PRIVATE_DEFINES */
  73:usb/usbd_desc.c **** 
  74:usb/usbd_desc.c **** /**
  75:usb/usbd_desc.c ****   * @}
  76:usb/usbd_desc.c ****   */
  77:usb/usbd_desc.c **** 
  78:usb/usbd_desc.c **** /* USER CODE BEGIN 0 */
  79:usb/usbd_desc.c **** 
  80:usb/usbd_desc.c **** /* USER CODE END 0 */
  81:usb/usbd_desc.c **** 
  82:usb/usbd_desc.c **** /** @defgroup USBD_DESC_Private_Macros USBD_DESC_Private_Macros
  83:usb/usbd_desc.c ****   * @brief Private macros.
  84:usb/usbd_desc.c ****   * @{
  85:usb/usbd_desc.c ****   */
  86:usb/usbd_desc.c **** 
  87:usb/usbd_desc.c **** /* USER CODE BEGIN PRIVATE_MACRO */
ARM GAS  C:\Users\BIGBIG~1\AppData\Local\Temp\cc7ICCZn.s 			page 3


  88:usb/usbd_desc.c **** 
  89:usb/usbd_desc.c **** /* USER CODE END PRIVATE_MACRO */
  90:usb/usbd_desc.c **** 
  91:usb/usbd_desc.c **** /**
  92:usb/usbd_desc.c ****   * @}
  93:usb/usbd_desc.c ****   */
  94:usb/usbd_desc.c **** 
  95:usb/usbd_desc.c **** /** @defgroup USBD_DESC_Private_FunctionPrototypes USBD_DESC_Private_FunctionPrototypes
  96:usb/usbd_desc.c ****   * @brief Private functions declaration.
  97:usb/usbd_desc.c ****   * @{
  98:usb/usbd_desc.c ****   */
  99:usb/usbd_desc.c **** 
 100:usb/usbd_desc.c **** static void Get_SerialNum(void);
 101:usb/usbd_desc.c **** static void IntToUnicode(uint32_t value, uint8_t * pbuf, uint8_t len);
 102:usb/usbd_desc.c **** 
 103:usb/usbd_desc.c **** /**
 104:usb/usbd_desc.c ****   * @}
 105:usb/usbd_desc.c ****   */
 106:usb/usbd_desc.c **** 
 107:usb/usbd_desc.c **** /** @defgroup USBD_DESC_Private_FunctionPrototypes USBD_DESC_Private_FunctionPrototypes
 108:usb/usbd_desc.c ****   * @brief Private functions declaration for FS.
 109:usb/usbd_desc.c ****   * @{
 110:usb/usbd_desc.c ****   */
 111:usb/usbd_desc.c **** 
 112:usb/usbd_desc.c **** uint8_t * USBD_FS_DeviceDescriptor(USBD_SpeedTypeDef speed, uint16_t *length);
 113:usb/usbd_desc.c **** uint8_t * USBD_FS_LangIDStrDescriptor(USBD_SpeedTypeDef speed, uint16_t *length);
 114:usb/usbd_desc.c **** uint8_t * USBD_FS_ManufacturerStrDescriptor(USBD_SpeedTypeDef speed, uint16_t *length);
 115:usb/usbd_desc.c **** uint8_t * USBD_FS_ProductStrDescriptor(USBD_SpeedTypeDef speed, uint16_t *length);
 116:usb/usbd_desc.c **** uint8_t * USBD_FS_SerialStrDescriptor(USBD_SpeedTypeDef speed, uint16_t *length);
 117:usb/usbd_desc.c **** uint8_t * USBD_FS_ConfigStrDescriptor(USBD_SpeedTypeDef speed, uint16_t *length);
 118:usb/usbd_desc.c **** uint8_t * USBD_FS_InterfaceStrDescriptor(USBD_SpeedTypeDef speed, uint16_t *length);
 119:usb/usbd_desc.c **** #if (USBD_LPM_ENABLED == 1)
 120:usb/usbd_desc.c **** uint8_t * USBD_FS_USR_BOSDescriptor(USBD_SpeedTypeDef speed, uint16_t *length);
 121:usb/usbd_desc.c **** #endif /* (USBD_LPM_ENABLED == 1) */
 122:usb/usbd_desc.c **** 
 123:usb/usbd_desc.c **** /**
 124:usb/usbd_desc.c ****   * @}
 125:usb/usbd_desc.c ****   */
 126:usb/usbd_desc.c **** 
 127:usb/usbd_desc.c **** /** @defgroup USBD_DESC_Private_Variables USBD_DESC_Private_Variables
 128:usb/usbd_desc.c ****   * @brief Private variables.
 129:usb/usbd_desc.c ****   * @{
 130:usb/usbd_desc.c ****   */
 131:usb/usbd_desc.c **** 
 132:usb/usbd_desc.c **** USBD_DescriptorsTypeDef FS_Desc =
 133:usb/usbd_desc.c **** {
 134:usb/usbd_desc.c ****   USBD_FS_DeviceDescriptor
 135:usb/usbd_desc.c **** , USBD_FS_LangIDStrDescriptor
 136:usb/usbd_desc.c **** , USBD_FS_ManufacturerStrDescriptor
 137:usb/usbd_desc.c **** , USBD_FS_ProductStrDescriptor
 138:usb/usbd_desc.c **** , USBD_FS_SerialStrDescriptor
 139:usb/usbd_desc.c **** , USBD_FS_ConfigStrDescriptor
 140:usb/usbd_desc.c **** , USBD_FS_InterfaceStrDescriptor
 141:usb/usbd_desc.c **** #if (USBD_LPM_ENABLED == 1)
 142:usb/usbd_desc.c **** , USBD_FS_USR_BOSDescriptor
 143:usb/usbd_desc.c **** #endif /* (USBD_LPM_ENABLED == 1) */
 144:usb/usbd_desc.c **** };
ARM GAS  C:\Users\BIGBIG~1\AppData\Local\Temp\cc7ICCZn.s 			page 4


 145:usb/usbd_desc.c **** 
 146:usb/usbd_desc.c **** #if defined ( __ICCARM__ ) /* IAR Compiler */
 147:usb/usbd_desc.c ****   #pragma data_alignment=4
 148:usb/usbd_desc.c **** #endif /* defined ( __ICCARM__ ) */
 149:usb/usbd_desc.c **** /** USB standard device descriptor. */
 150:usb/usbd_desc.c **** __ALIGN_BEGIN uint8_t USBD_FS_DeviceDesc[USB_LEN_DEV_DESC] __ALIGN_END =
 151:usb/usbd_desc.c **** {
 152:usb/usbd_desc.c ****   0x12,                       /*bLength */
 153:usb/usbd_desc.c ****   USB_DESC_TYPE_DEVICE,       /*bDescriptorType*/
 154:usb/usbd_desc.c **** #if (USBD_LPM_ENABLED == 1)
 155:usb/usbd_desc.c ****   0x01,                       /*bcdUSB */ /* changed to USB version 2.01
 156:usb/usbd_desc.c ****                                              in order to support LPM L1 suspend
 157:usb/usbd_desc.c ****                                              resume test of USBCV3.0*/
 158:usb/usbd_desc.c **** #else
 159:usb/usbd_desc.c ****   0x00,                       /*bcdUSB */
 160:usb/usbd_desc.c **** #endif /* (USBD_LPM_ENABLED == 1) */
 161:usb/usbd_desc.c ****   0x02,
 162:usb/usbd_desc.c ****   0x00,                       /*bDeviceClass*/
 163:usb/usbd_desc.c ****   0x00,                       /*bDeviceSubClass*/
 164:usb/usbd_desc.c ****   0x00,                       /*bDeviceProtocol*/
 165:usb/usbd_desc.c ****   USB_MAX_EP0_SIZE,           /*bMaxPacketSize*/
 166:usb/usbd_desc.c ****   LOBYTE(USBD_VID),           /*idVendor*/
 167:usb/usbd_desc.c ****   HIBYTE(USBD_VID),           /*idVendor*/
 168:usb/usbd_desc.c ****   LOBYTE(USBD_PID_FS),        /*idProduct*/
 169:usb/usbd_desc.c ****   HIBYTE(USBD_PID_FS),        /*idProduct*/
 170:usb/usbd_desc.c ****   0x00,                       /*bcdDevice rel. 2.00*/
 171:usb/usbd_desc.c ****   0x14,
 172:usb/usbd_desc.c ****   USBD_IDX_MFC_STR,           /*Index of manufacturer  string*/
 173:usb/usbd_desc.c ****   USBD_IDX_PRODUCT_STR,       /*Index of product string*/
 174:usb/usbd_desc.c ****   USBD_IDX_SERIAL_STR,        /*Index of serial number string*/
 175:usb/usbd_desc.c ****   USBD_MAX_NUM_CONFIGURATION  /*bNumConfigurations*/
 176:usb/usbd_desc.c **** };
 177:usb/usbd_desc.c **** 
 178:usb/usbd_desc.c **** /* USB_DeviceDescriptor */
 179:usb/usbd_desc.c **** /** BOS descriptor. */
 180:usb/usbd_desc.c **** #if (USBD_LPM_ENABLED == 1)
 181:usb/usbd_desc.c **** #if defined ( __ICCARM__ ) /* IAR Compiler */
 182:usb/usbd_desc.c ****   #pragma data_alignment=4
 183:usb/usbd_desc.c **** #endif /* defined ( __ICCARM__ ) */
 184:usb/usbd_desc.c **** __ALIGN_BEGIN uint8_t USBD_FS_BOSDesc[USB_SIZ_BOS_DESC] __ALIGN_END =
 185:usb/usbd_desc.c **** {
 186:usb/usbd_desc.c ****   0x5,
 187:usb/usbd_desc.c ****   USB_DESC_TYPE_BOS,
 188:usb/usbd_desc.c ****   0xC,
 189:usb/usbd_desc.c ****   0x0,
 190:usb/usbd_desc.c ****   0x1,  /* 1 device capability*/
 191:usb/usbd_desc.c ****         /* device capability*/
 192:usb/usbd_desc.c ****   0x7,
 193:usb/usbd_desc.c ****   USB_DEVICE_CAPABITY_TYPE,
 194:usb/usbd_desc.c ****   0x2,
 195:usb/usbd_desc.c ****   0x2,  /* LPM capability bit set*/
 196:usb/usbd_desc.c ****   0x0,
 197:usb/usbd_desc.c ****   0x0,
 198:usb/usbd_desc.c ****   0x0
 199:usb/usbd_desc.c **** };
 200:usb/usbd_desc.c **** #endif /* (USBD_LPM_ENABLED == 1) */
 201:usb/usbd_desc.c **** 
ARM GAS  C:\Users\BIGBIG~1\AppData\Local\Temp\cc7ICCZn.s 			page 5


 202:usb/usbd_desc.c **** /**
 203:usb/usbd_desc.c ****   * @}
 204:usb/usbd_desc.c ****   */
 205:usb/usbd_desc.c **** 
 206:usb/usbd_desc.c **** /** @defgroup USBD_DESC_Private_Variables USBD_DESC_Private_Variables
 207:usb/usbd_desc.c ****   * @brief Private variables.
 208:usb/usbd_desc.c ****   * @{
 209:usb/usbd_desc.c ****   */
 210:usb/usbd_desc.c **** 
 211:usb/usbd_desc.c **** #if defined ( __ICCARM__ ) /* IAR Compiler */
 212:usb/usbd_desc.c ****   #pragma data_alignment=4
 213:usb/usbd_desc.c **** #endif /* defined ( __ICCARM__ ) */
 214:usb/usbd_desc.c **** 
 215:usb/usbd_desc.c **** /** USB lang indentifier descriptor. */
 216:usb/usbd_desc.c **** __ALIGN_BEGIN uint8_t USBD_LangIDDesc[USB_LEN_LANGID_STR_DESC] __ALIGN_END =
 217:usb/usbd_desc.c **** {
 218:usb/usbd_desc.c ****      USB_LEN_LANGID_STR_DESC,
 219:usb/usbd_desc.c ****      USB_DESC_TYPE_STRING,
 220:usb/usbd_desc.c ****      LOBYTE(USBD_LANGID_STRING),
 221:usb/usbd_desc.c ****      HIBYTE(USBD_LANGID_STRING)
 222:usb/usbd_desc.c **** };
 223:usb/usbd_desc.c **** 
 224:usb/usbd_desc.c **** #if defined ( __ICCARM__ ) /* IAR Compiler */
 225:usb/usbd_desc.c ****   #pragma data_alignment=4
 226:usb/usbd_desc.c **** #endif /* defined ( __ICCARM__ ) */
 227:usb/usbd_desc.c **** /* Internal string descriptor. */
 228:usb/usbd_desc.c **** __ALIGN_BEGIN uint8_t USBD_StrDesc[USBD_MAX_STR_DESC_SIZ] __ALIGN_END;
 229:usb/usbd_desc.c **** 
 230:usb/usbd_desc.c **** #if defined ( __ICCARM__ ) /*!< IAR Compiler */
 231:usb/usbd_desc.c ****   #pragma data_alignment=4
 232:usb/usbd_desc.c **** #endif
 233:usb/usbd_desc.c **** __ALIGN_BEGIN uint8_t USBD_StringSerial[USB_SIZ_STRING_SERIAL] __ALIGN_END = {
 234:usb/usbd_desc.c ****   USB_SIZ_STRING_SERIAL,
 235:usb/usbd_desc.c ****   USB_DESC_TYPE_STRING,
 236:usb/usbd_desc.c **** };
 237:usb/usbd_desc.c **** 
 238:usb/usbd_desc.c **** /**
 239:usb/usbd_desc.c ****   * @}
 240:usb/usbd_desc.c ****   */
 241:usb/usbd_desc.c **** 
 242:usb/usbd_desc.c **** /** @defgroup USBD_DESC_Private_Functions USBD_DESC_Private_Functions
 243:usb/usbd_desc.c ****   * @brief Private functions.
 244:usb/usbd_desc.c ****   * @{
 245:usb/usbd_desc.c ****   */
 246:usb/usbd_desc.c **** 
 247:usb/usbd_desc.c **** /**
 248:usb/usbd_desc.c ****   * @brief  Return the device descriptor
 249:usb/usbd_desc.c ****   * @param  speed : Current device speed
 250:usb/usbd_desc.c ****   * @param  length : Pointer to data length variable
 251:usb/usbd_desc.c ****   * @retval Pointer to descriptor buffer
 252:usb/usbd_desc.c ****   */
 253:usb/usbd_desc.c **** uint8_t * USBD_FS_DeviceDescriptor(USBD_SpeedTypeDef speed, uint16_t *length)
 254:usb/usbd_desc.c **** {
  29              		.loc 1 254 1 view -0
  30              		.cfi_startproc
  31              		@ args = 0, pretend = 0, frame = 0
  32              		@ frame_needed = 0, uses_anonymous_args = 0
ARM GAS  C:\Users\BIGBIG~1\AppData\Local\Temp\cc7ICCZn.s 			page 6


  33              		@ link register save eliminated.
 255:usb/usbd_desc.c ****   UNUSED(speed);
  34              		.loc 1 255 3 view .LVU1
 256:usb/usbd_desc.c ****   *length = sizeof(USBD_FS_DeviceDesc);
  35              		.loc 1 256 3 view .LVU2
  36              		.loc 1 256 11 is_stmt 0 view .LVU3
  37 0000 1223     		movs	r3, #18
  38 0002 0B80     		strh	r3, [r1]	@ movhi
 257:usb/usbd_desc.c ****   return USBD_FS_DeviceDesc;
  39              		.loc 1 257 3 is_stmt 1 view .LVU4
 258:usb/usbd_desc.c **** }
  40              		.loc 1 258 1 is_stmt 0 view .LVU5
  41 0004 0048     		ldr	r0, .L2
  42              	.LVL1:
  43              		.loc 1 258 1 view .LVU6
  44 0006 7047     		bx	lr
  45              	.L3:
  46              		.align	2
  47              	.L2:
  48 0008 00000000 		.word	.LANCHOR0
  49              		.cfi_endproc
  50              	.LFE145:
  52              		.section	.text.USBD_FS_LangIDStrDescriptor,"ax",%progbits
  53              		.align	1
  54              		.global	USBD_FS_LangIDStrDescriptor
  55              		.syntax unified
  56              		.thumb
  57              		.thumb_func
  58              		.fpu fpv5-d16
  60              	USBD_FS_LangIDStrDescriptor:
  61              	.LVL2:
  62              	.LFB146:
 259:usb/usbd_desc.c **** 
 260:usb/usbd_desc.c **** /**
 261:usb/usbd_desc.c ****   * @brief  Return the LangID string descriptor
 262:usb/usbd_desc.c ****   * @param  speed : Current device speed
 263:usb/usbd_desc.c ****   * @param  length : Pointer to data length variable
 264:usb/usbd_desc.c ****   * @retval Pointer to descriptor buffer
 265:usb/usbd_desc.c ****   */
 266:usb/usbd_desc.c **** uint8_t * USBD_FS_LangIDStrDescriptor(USBD_SpeedTypeDef speed, uint16_t *length)
 267:usb/usbd_desc.c **** {
  63              		.loc 1 267 1 is_stmt 1 view -0
  64              		.cfi_startproc
  65              		@ args = 0, pretend = 0, frame = 0
  66              		@ frame_needed = 0, uses_anonymous_args = 0
  67              		@ link register save eliminated.
 268:usb/usbd_desc.c ****   UNUSED(speed);
  68              		.loc 1 268 3 view .LVU8
 269:usb/usbd_desc.c ****   *length = sizeof(USBD_LangIDDesc);
  69              		.loc 1 269 3 view .LVU9
  70              		.loc 1 269 11 is_stmt 0 view .LVU10
  71 0000 0423     		movs	r3, #4
  72 0002 0B80     		strh	r3, [r1]	@ movhi
 270:usb/usbd_desc.c ****   return USBD_LangIDDesc;
  73              		.loc 1 270 3 is_stmt 1 view .LVU11
 271:usb/usbd_desc.c **** }
  74              		.loc 1 271 1 is_stmt 0 view .LVU12
ARM GAS  C:\Users\BIGBIG~1\AppData\Local\Temp\cc7ICCZn.s 			page 7


  75 0004 0048     		ldr	r0, .L5
  76              	.LVL3:
  77              		.loc 1 271 1 view .LVU13
  78 0006 7047     		bx	lr
  79              	.L6:
  80              		.align	2
  81              	.L5:
  82 0008 00000000 		.word	.LANCHOR1
  83              		.cfi_endproc
  84              	.LFE146:
  86              		.section	.text.USBD_FS_USR_BOSDescriptor,"ax",%progbits
  87              		.align	1
  88              		.global	USBD_FS_USR_BOSDescriptor
  89              		.syntax unified
  90              		.thumb
  91              		.thumb_func
  92              		.fpu fpv5-d16
  94              	USBD_FS_USR_BOSDescriptor:
  95              	.LVL4:
  96              	.LFB152:
 272:usb/usbd_desc.c **** 
 273:usb/usbd_desc.c **** /**
 274:usb/usbd_desc.c ****   * @brief  Return the product string descriptor
 275:usb/usbd_desc.c ****   * @param  speed : Current device speed
 276:usb/usbd_desc.c ****   * @param  length : Pointer to data length variable
 277:usb/usbd_desc.c ****   * @retval Pointer to descriptor buffer
 278:usb/usbd_desc.c ****   */
 279:usb/usbd_desc.c **** uint8_t * USBD_FS_ProductStrDescriptor(USBD_SpeedTypeDef speed, uint16_t *length)
 280:usb/usbd_desc.c **** {
 281:usb/usbd_desc.c ****   if(speed == 0)
 282:usb/usbd_desc.c ****   {
 283:usb/usbd_desc.c ****     USBD_GetString((uint8_t *)USBD_PRODUCT_STRING_FS, USBD_StrDesc, length);
 284:usb/usbd_desc.c ****   }
 285:usb/usbd_desc.c ****   else
 286:usb/usbd_desc.c ****   {
 287:usb/usbd_desc.c ****     USBD_GetString((uint8_t *)USBD_PRODUCT_STRING_FS, USBD_StrDesc, length);
 288:usb/usbd_desc.c ****   }
 289:usb/usbd_desc.c ****   return USBD_StrDesc;
 290:usb/usbd_desc.c **** }
 291:usb/usbd_desc.c **** 
 292:usb/usbd_desc.c **** /**
 293:usb/usbd_desc.c ****   * @brief  Return the manufacturer string descriptor
 294:usb/usbd_desc.c ****   * @param  speed : Current device speed
 295:usb/usbd_desc.c ****   * @param  length : Pointer to data length variable
 296:usb/usbd_desc.c ****   * @retval Pointer to descriptor buffer
 297:usb/usbd_desc.c ****   */
 298:usb/usbd_desc.c **** uint8_t * USBD_FS_ManufacturerStrDescriptor(USBD_SpeedTypeDef speed, uint16_t *length)
 299:usb/usbd_desc.c **** {
 300:usb/usbd_desc.c ****   UNUSED(speed);
 301:usb/usbd_desc.c ****   USBD_GetString((uint8_t *)USBD_MANUFACTURER_STRING, USBD_StrDesc, length);
 302:usb/usbd_desc.c ****   return USBD_StrDesc;
 303:usb/usbd_desc.c **** }
 304:usb/usbd_desc.c **** 
 305:usb/usbd_desc.c **** /**
 306:usb/usbd_desc.c ****   * @brief  Return the serial number string descriptor
 307:usb/usbd_desc.c ****   * @param  speed : Current device speed
 308:usb/usbd_desc.c ****   * @param  length : Pointer to data length variable
ARM GAS  C:\Users\BIGBIG~1\AppData\Local\Temp\cc7ICCZn.s 			page 8


 309:usb/usbd_desc.c ****   * @retval Pointer to descriptor buffer
 310:usb/usbd_desc.c ****   */
 311:usb/usbd_desc.c **** uint8_t * USBD_FS_SerialStrDescriptor(USBD_SpeedTypeDef speed, uint16_t *length)
 312:usb/usbd_desc.c **** {
 313:usb/usbd_desc.c ****   UNUSED(speed);
 314:usb/usbd_desc.c ****   *length = USB_SIZ_STRING_SERIAL;
 315:usb/usbd_desc.c **** 
 316:usb/usbd_desc.c ****   /* Update the serial number string descriptor with the data from the unique
 317:usb/usbd_desc.c ****    * ID */
 318:usb/usbd_desc.c ****   Get_SerialNum();
 319:usb/usbd_desc.c ****   /* USER CODE BEGIN USBD_FS_SerialStrDescriptor */
 320:usb/usbd_desc.c **** 
 321:usb/usbd_desc.c ****   /* USER CODE END USBD_FS_SerialStrDescriptor */
 322:usb/usbd_desc.c ****   return (uint8_t *) USBD_StringSerial;
 323:usb/usbd_desc.c **** }
 324:usb/usbd_desc.c **** 
 325:usb/usbd_desc.c **** /**
 326:usb/usbd_desc.c ****   * @brief  Return the configuration string descriptor
 327:usb/usbd_desc.c ****   * @param  speed : Current device speed
 328:usb/usbd_desc.c ****   * @param  length : Pointer to data length variable
 329:usb/usbd_desc.c ****   * @retval Pointer to descriptor buffer
 330:usb/usbd_desc.c ****   */
 331:usb/usbd_desc.c **** uint8_t * USBD_FS_ConfigStrDescriptor(USBD_SpeedTypeDef speed, uint16_t *length)
 332:usb/usbd_desc.c **** {
 333:usb/usbd_desc.c ****   if(speed == USBD_SPEED_HIGH)
 334:usb/usbd_desc.c ****   {
 335:usb/usbd_desc.c ****     USBD_GetString((uint8_t *)USBD_CONFIGURATION_STRING_FS, USBD_StrDesc, length);
 336:usb/usbd_desc.c ****   }
 337:usb/usbd_desc.c ****   else
 338:usb/usbd_desc.c ****   {
 339:usb/usbd_desc.c ****     USBD_GetString((uint8_t *)USBD_CONFIGURATION_STRING_FS, USBD_StrDesc, length);
 340:usb/usbd_desc.c ****   }
 341:usb/usbd_desc.c ****   return USBD_StrDesc;
 342:usb/usbd_desc.c **** }
 343:usb/usbd_desc.c **** 
 344:usb/usbd_desc.c **** /**
 345:usb/usbd_desc.c ****   * @brief  Return the interface string descriptor
 346:usb/usbd_desc.c ****   * @param  speed : Current device speed
 347:usb/usbd_desc.c ****   * @param  length : Pointer to data length variable
 348:usb/usbd_desc.c ****   * @retval Pointer to descriptor buffer
 349:usb/usbd_desc.c ****   */
 350:usb/usbd_desc.c **** uint8_t * USBD_FS_InterfaceStrDescriptor(USBD_SpeedTypeDef speed, uint16_t *length)
 351:usb/usbd_desc.c **** {
 352:usb/usbd_desc.c ****   if(speed == 0)
 353:usb/usbd_desc.c ****   {
 354:usb/usbd_desc.c ****     USBD_GetString((uint8_t *)USBD_INTERFACE_STRING_FS, USBD_StrDesc, length);
 355:usb/usbd_desc.c ****   }
 356:usb/usbd_desc.c ****   else
 357:usb/usbd_desc.c ****   {
 358:usb/usbd_desc.c ****     USBD_GetString((uint8_t *)USBD_INTERFACE_STRING_FS, USBD_StrDesc, length);
 359:usb/usbd_desc.c ****   }
 360:usb/usbd_desc.c ****   return USBD_StrDesc;
 361:usb/usbd_desc.c **** }
 362:usb/usbd_desc.c **** 
 363:usb/usbd_desc.c **** #if (USBD_LPM_ENABLED == 1)
 364:usb/usbd_desc.c **** /**
 365:usb/usbd_desc.c ****   * @brief  Return the BOS descriptor
ARM GAS  C:\Users\BIGBIG~1\AppData\Local\Temp\cc7ICCZn.s 			page 9


 366:usb/usbd_desc.c ****   * @param  speed : Current device speed
 367:usb/usbd_desc.c ****   * @param  length : Pointer to data length variable
 368:usb/usbd_desc.c ****   * @retval Pointer to descriptor buffer
 369:usb/usbd_desc.c ****   */
 370:usb/usbd_desc.c **** uint8_t * USBD_FS_USR_BOSDescriptor(USBD_SpeedTypeDef speed, uint16_t *length)
 371:usb/usbd_desc.c **** {
  97              		.loc 1 371 1 is_stmt 1 view -0
  98              		.cfi_startproc
  99              		@ args = 0, pretend = 0, frame = 0
 100              		@ frame_needed = 0, uses_anonymous_args = 0
 101              		@ link register save eliminated.
 372:usb/usbd_desc.c ****   UNUSED(speed);
 102              		.loc 1 372 3 view .LVU15
 373:usb/usbd_desc.c ****   *length = sizeof(USBD_FS_BOSDesc);
 103              		.loc 1 373 3 view .LVU16
 104              		.loc 1 373 11 is_stmt 0 view .LVU17
 105 0000 0C23     		movs	r3, #12
 106 0002 0B80     		strh	r3, [r1]	@ movhi
 374:usb/usbd_desc.c ****   return (uint8_t*)USBD_FS_BOSDesc;
 107              		.loc 1 374 3 is_stmt 1 view .LVU18
 375:usb/usbd_desc.c **** }
 108              		.loc 1 375 1 is_stmt 0 view .LVU19
 109 0004 0048     		ldr	r0, .L8
 110              	.LVL5:
 111              		.loc 1 375 1 view .LVU20
 112 0006 7047     		bx	lr
 113              	.L9:
 114              		.align	2
 115              	.L8:
 116 0008 00000000 		.word	.LANCHOR2
 117              		.cfi_endproc
 118              	.LFE152:
 120              		.section	.text.IntToUnicode,"ax",%progbits
 121              		.align	1
 122              		.syntax unified
 123              		.thumb
 124              		.thumb_func
 125              		.fpu fpv5-d16
 127              	IntToUnicode:
 128              	.LVL6:
 129              	.LFB154:
 376:usb/usbd_desc.c **** #endif /* (USBD_LPM_ENABLED == 1) */
 377:usb/usbd_desc.c **** 
 378:usb/usbd_desc.c **** /**
 379:usb/usbd_desc.c ****   * @brief  Create the serial number string descriptor
 380:usb/usbd_desc.c ****   * @param  None
 381:usb/usbd_desc.c ****   * @retval None
 382:usb/usbd_desc.c ****   */
 383:usb/usbd_desc.c **** static void Get_SerialNum(void)
 384:usb/usbd_desc.c **** {
 385:usb/usbd_desc.c ****   uint32_t deviceserial0, deviceserial1, deviceserial2;
 386:usb/usbd_desc.c **** 
 387:usb/usbd_desc.c ****   deviceserial0 = *(uint32_t *) DEVICE_ID1;
 388:usb/usbd_desc.c ****   deviceserial1 = *(uint32_t *) DEVICE_ID2;
 389:usb/usbd_desc.c ****   deviceserial2 = *(uint32_t *) DEVICE_ID3;
 390:usb/usbd_desc.c **** 
 391:usb/usbd_desc.c ****   deviceserial0 += deviceserial2;
ARM GAS  C:\Users\BIGBIG~1\AppData\Local\Temp\cc7ICCZn.s 			page 10


 392:usb/usbd_desc.c **** 
 393:usb/usbd_desc.c ****   if (deviceserial0 != 0)
 394:usb/usbd_desc.c ****   {
 395:usb/usbd_desc.c ****     IntToUnicode(deviceserial0, &USBD_StringSerial[2], 8);
 396:usb/usbd_desc.c ****     IntToUnicode(deviceserial1, &USBD_StringSerial[18], 4);
 397:usb/usbd_desc.c ****   }
 398:usb/usbd_desc.c **** }
 399:usb/usbd_desc.c **** 
 400:usb/usbd_desc.c **** /**
 401:usb/usbd_desc.c ****   * @brief  Convert Hex 32Bits value into char
 402:usb/usbd_desc.c ****   * @param  value: value to convert
 403:usb/usbd_desc.c ****   * @param  pbuf: pointer to the buffer
 404:usb/usbd_desc.c ****   * @param  len: buffer length
 405:usb/usbd_desc.c ****   * @retval None
 406:usb/usbd_desc.c ****   */
 407:usb/usbd_desc.c **** static void IntToUnicode(uint32_t value, uint8_t * pbuf, uint8_t len)
 408:usb/usbd_desc.c **** {
 130              		.loc 1 408 1 is_stmt 1 view -0
 131              		.cfi_startproc
 132              		@ args = 0, pretend = 0, frame = 0
 133              		@ frame_needed = 0, uses_anonymous_args = 0
 134              		@ link register save eliminated.
 409:usb/usbd_desc.c ****   uint8_t idx = 0;
 135              		.loc 1 409 3 view .LVU22
 410:usb/usbd_desc.c **** 
 411:usb/usbd_desc.c ****   for (idx = 0; idx < len; idx++)
 136              		.loc 1 411 3 view .LVU23
 137              		.loc 1 411 12 is_stmt 0 view .LVU24
 138 0000 0023     		movs	r3, #0
 139              	.LVL7:
 140              		.loc 1 411 17 is_stmt 1 view .LVU25
 141              		.loc 1 411 3 is_stmt 0 view .LVU26
 142 0002 9342     		cmp	r3, r2
 143 0004 17D2     		bcs	.L18
 408:usb/usbd_desc.c ****   uint8_t idx = 0;
 144              		.loc 1 408 1 view .LVU27
 145 0006 30B4     		push	{r4, r5}
 146              	.LCFI0:
 147              		.cfi_def_cfa_offset 8
 148              		.cfi_offset 4, -8
 149              		.cfi_offset 5, -4
 150 0008 0BE0     		b	.L14
 151              	.L12:
 412:usb/usbd_desc.c ****   {
 413:usb/usbd_desc.c ****     if (((value >> 28)) < 0xA)
 414:usb/usbd_desc.c ****     {
 415:usb/usbd_desc.c ****       pbuf[2 * idx] = (value >> 28) + '0';
 416:usb/usbd_desc.c ****     }
 417:usb/usbd_desc.c ****     else
 418:usb/usbd_desc.c ****     {
 419:usb/usbd_desc.c ****       pbuf[2 * idx] = (value >> 28) + 'A' - 10;
 152              		.loc 1 419 7 is_stmt 1 view .LVU28
 153              		.loc 1 419 43 is_stmt 0 view .LVU29
 154 000a 3734     		adds	r4, r4, #55
 155              		.loc 1 419 21 view .LVU30
 156 000c 01F81340 		strb	r4, [r1, r3, lsl #1]
 157              	.L13:
ARM GAS  C:\Users\BIGBIG~1\AppData\Local\Temp\cc7ICCZn.s 			page 11


 420:usb/usbd_desc.c ****     }
 421:usb/usbd_desc.c **** 
 422:usb/usbd_desc.c ****     value = value << 4;
 158              		.loc 1 422 5 is_stmt 1 discriminator 2 view .LVU31
 159              		.loc 1 422 11 is_stmt 0 discriminator 2 view .LVU32
 160 0010 0001     		lsls	r0, r0, #4
 161              	.LVL8:
 423:usb/usbd_desc.c **** 
 424:usb/usbd_desc.c ****     pbuf[2 * idx + 1] = 0;
 162              		.loc 1 424 5 is_stmt 1 discriminator 2 view .LVU33
 163              		.loc 1 424 12 is_stmt 0 discriminator 2 view .LVU34
 164 0012 5C00     		lsls	r4, r3, #1
 165              		.loc 1 424 9 discriminator 2 view .LVU35
 166 0014 0134     		adds	r4, r4, #1
 167              		.loc 1 424 23 discriminator 2 view .LVU36
 168 0016 0025     		movs	r5, #0
 169 0018 0D55     		strb	r5, [r1, r4]
 411:usb/usbd_desc.c ****   {
 170              		.loc 1 411 28 is_stmt 1 discriminator 2 view .LVU37
 411:usb/usbd_desc.c ****   {
 171              		.loc 1 411 31 is_stmt 0 discriminator 2 view .LVU38
 172 001a 0133     		adds	r3, r3, #1
 173              	.LVL9:
 411:usb/usbd_desc.c ****   {
 174              		.loc 1 411 31 discriminator 2 view .LVU39
 175 001c DBB2     		uxtb	r3, r3
 176              	.LVL10:
 411:usb/usbd_desc.c ****   {
 177              		.loc 1 411 17 is_stmt 1 discriminator 2 view .LVU40
 411:usb/usbd_desc.c ****   {
 178              		.loc 1 411 3 is_stmt 0 discriminator 2 view .LVU41
 179 001e 9342     		cmp	r3, r2
 180 0020 07D2     		bcs	.L19
 181              	.L14:
 413:usb/usbd_desc.c ****     {
 182              		.loc 1 413 5 is_stmt 1 view .LVU42
 413:usb/usbd_desc.c ****     {
 183              		.loc 1 413 17 is_stmt 0 view .LVU43
 184 0022 040F     		lsrs	r4, r0, #28
 413:usb/usbd_desc.c ****     {
 185              		.loc 1 413 8 view .LVU44
 186 0024 B0F1204F 		cmp	r0, #-1610612736
 187 0028 EFD2     		bcs	.L12
 415:usb/usbd_desc.c ****     }
 188              		.loc 1 415 7 is_stmt 1 view .LVU45
 415:usb/usbd_desc.c ****     }
 189              		.loc 1 415 37 is_stmt 0 view .LVU46
 190 002a 3034     		adds	r4, r4, #48
 415:usb/usbd_desc.c ****     }
 191              		.loc 1 415 21 view .LVU47
 192 002c 01F81340 		strb	r4, [r1, r3, lsl #1]
 193 0030 EEE7     		b	.L13
 194              	.L19:
 425:usb/usbd_desc.c ****   }
 426:usb/usbd_desc.c **** }
 195              		.loc 1 426 1 view .LVU48
 196 0032 30BC     		pop	{r4, r5}
ARM GAS  C:\Users\BIGBIG~1\AppData\Local\Temp\cc7ICCZn.s 			page 12


 197              	.LCFI1:
 198              		.cfi_restore 5
 199              		.cfi_restore 4
 200              		.cfi_def_cfa_offset 0
 201 0034 7047     		bx	lr
 202              	.L18:
 203              		.loc 1 426 1 view .LVU49
 204 0036 7047     		bx	lr
 205              		.cfi_endproc
 206              	.LFE154:
 208              		.section	.text.Get_SerialNum,"ax",%progbits
 209              		.align	1
 210              		.syntax unified
 211              		.thumb
 212              		.thumb_func
 213              		.fpu fpv5-d16
 215              	Get_SerialNum:
 216              	.LFB153:
 384:usb/usbd_desc.c ****   uint32_t deviceserial0, deviceserial1, deviceserial2;
 217              		.loc 1 384 1 is_stmt 1 view -0
 218              		.cfi_startproc
 219              		@ args = 0, pretend = 0, frame = 0
 220              		@ frame_needed = 0, uses_anonymous_args = 0
 221 0000 38B5     		push	{r3, r4, r5, lr}
 222              	.LCFI2:
 223              		.cfi_def_cfa_offset 16
 224              		.cfi_offset 3, -16
 225              		.cfi_offset 4, -12
 226              		.cfi_offset 5, -8
 227              		.cfi_offset 14, -4
 385:usb/usbd_desc.c **** 
 228              		.loc 1 385 3 view .LVU51
 387:usb/usbd_desc.c ****   deviceserial1 = *(uint32_t *) DEVICE_ID2;
 229              		.loc 1 387 3 view .LVU52
 387:usb/usbd_desc.c ****   deviceserial1 = *(uint32_t *) DEVICE_ID2;
 230              		.loc 1 387 17 is_stmt 0 view .LVU53
 231 0002 0A4B     		ldr	r3, .L24
 232 0004 1868     		ldr	r0, [r3]
 233              	.LVL11:
 388:usb/usbd_desc.c ****   deviceserial2 = *(uint32_t *) DEVICE_ID3;
 234              		.loc 1 388 3 is_stmt 1 view .LVU54
 388:usb/usbd_desc.c ****   deviceserial2 = *(uint32_t *) DEVICE_ID3;
 235              		.loc 1 388 17 is_stmt 0 view .LVU55
 236 0006 0433     		adds	r3, r3, #4
 237 0008 1C68     		ldr	r4, [r3]
 238              	.LVL12:
 389:usb/usbd_desc.c **** 
 239              		.loc 1 389 3 is_stmt 1 view .LVU56
 389:usb/usbd_desc.c **** 
 240              		.loc 1 389 17 is_stmt 0 view .LVU57
 241 000a 0433     		adds	r3, r3, #4
 242 000c 1B68     		ldr	r3, [r3]
 243              	.LVL13:
 391:usb/usbd_desc.c **** 
 244              		.loc 1 391 3 is_stmt 1 view .LVU58
 393:usb/usbd_desc.c ****   {
 245              		.loc 1 393 3 view .LVU59
ARM GAS  C:\Users\BIGBIG~1\AppData\Local\Temp\cc7ICCZn.s 			page 13


 393:usb/usbd_desc.c ****   {
 246              		.loc 1 393 6 is_stmt 0 view .LVU60
 247 000e C018     		adds	r0, r0, r3
 248              	.LVL14:
 393:usb/usbd_desc.c ****   {
 249              		.loc 1 393 6 view .LVU61
 250 0010 00D1     		bne	.L23
 251              	.LVL15:
 252              	.L20:
 398:usb/usbd_desc.c **** 
 253              		.loc 1 398 1 view .LVU62
 254 0012 38BD     		pop	{r3, r4, r5, pc}
 255              	.LVL16:
 256              	.L23:
 395:usb/usbd_desc.c ****     IntToUnicode(deviceserial1, &USBD_StringSerial[18], 4);
 257              		.loc 1 395 5 is_stmt 1 view .LVU63
 258 0014 064D     		ldr	r5, .L24+4
 259 0016 0822     		movs	r2, #8
 260 0018 A91C     		adds	r1, r5, #2
 261 001a FFF7FEFF 		bl	IntToUnicode
 262              	.LVL17:
 396:usb/usbd_desc.c ****   }
 263              		.loc 1 396 5 view .LVU64
 264 001e 0422     		movs	r2, #4
 265 0020 05F11201 		add	r1, r5, #18
 266 0024 2046     		mov	r0, r4
 267 0026 FFF7FEFF 		bl	IntToUnicode
 268              	.LVL18:
 398:usb/usbd_desc.c **** 
 269              		.loc 1 398 1 is_stmt 0 view .LVU65
 270 002a F2E7     		b	.L20
 271              	.L25:
 272              		.align	2
 273              	.L24:
 274 002c 20F4F01F 		.word	535884832
 275 0030 00000000 		.word	.LANCHOR3
 276              		.cfi_endproc
 277              	.LFE153:
 279              		.section	.text.USBD_FS_SerialStrDescriptor,"ax",%progbits
 280              		.align	1
 281              		.global	USBD_FS_SerialStrDescriptor
 282              		.syntax unified
 283              		.thumb
 284              		.thumb_func
 285              		.fpu fpv5-d16
 287              	USBD_FS_SerialStrDescriptor:
 288              	.LVL19:
 289              	.LFB149:
 312:usb/usbd_desc.c ****   UNUSED(speed);
 290              		.loc 1 312 1 is_stmt 1 view -0
 291              		.cfi_startproc
 292              		@ args = 0, pretend = 0, frame = 0
 293              		@ frame_needed = 0, uses_anonymous_args = 0
 312:usb/usbd_desc.c ****   UNUSED(speed);
 294              		.loc 1 312 1 is_stmt 0 view .LVU67
 295 0000 08B5     		push	{r3, lr}
 296              	.LCFI3:
ARM GAS  C:\Users\BIGBIG~1\AppData\Local\Temp\cc7ICCZn.s 			page 14


 297              		.cfi_def_cfa_offset 8
 298              		.cfi_offset 3, -8
 299              		.cfi_offset 14, -4
 313:usb/usbd_desc.c ****   *length = USB_SIZ_STRING_SERIAL;
 300              		.loc 1 313 3 is_stmt 1 view .LVU68
 314:usb/usbd_desc.c **** 
 301              		.loc 1 314 3 view .LVU69
 314:usb/usbd_desc.c **** 
 302              		.loc 1 314 11 is_stmt 0 view .LVU70
 303 0002 1A23     		movs	r3, #26
 304 0004 0B80     		strh	r3, [r1]	@ movhi
 318:usb/usbd_desc.c ****   /* USER CODE BEGIN USBD_FS_SerialStrDescriptor */
 305              		.loc 1 318 3 is_stmt 1 view .LVU71
 306 0006 FFF7FEFF 		bl	Get_SerialNum
 307              	.LVL20:
 322:usb/usbd_desc.c **** }
 308              		.loc 1 322 3 view .LVU72
 323:usb/usbd_desc.c **** 
 309              		.loc 1 323 1 is_stmt 0 view .LVU73
 310 000a 0148     		ldr	r0, .L28
 311 000c 08BD     		pop	{r3, pc}
 312              	.L29:
 313 000e 00BF     		.align	2
 314              	.L28:
 315 0010 00000000 		.word	.LANCHOR3
 316              		.cfi_endproc
 317              	.LFE149:
 319              		.section	.rodata.USBD_FS_ProductStrDescriptor.str1.4,"aMS",%progbits,1
 320              		.align	2
 321              	.LC0:
 322 0000 57485A20 		.ascii	"WHZ Gasture HID\000"
 322      47617374 
 322      75726520 
 322      48494400 
 323              		.section	.text.USBD_FS_ProductStrDescriptor,"ax",%progbits
 324              		.align	1
 325              		.global	USBD_FS_ProductStrDescriptor
 326              		.syntax unified
 327              		.thumb
 328              		.thumb_func
 329              		.fpu fpv5-d16
 331              	USBD_FS_ProductStrDescriptor:
 332              	.LVL21:
 333              	.LFB147:
 280:usb/usbd_desc.c ****   if(speed == 0)
 334              		.loc 1 280 1 is_stmt 1 view -0
 335              		.cfi_startproc
 336              		@ args = 0, pretend = 0, frame = 0
 337              		@ frame_needed = 0, uses_anonymous_args = 0
 280:usb/usbd_desc.c ****   if(speed == 0)
 338              		.loc 1 280 1 is_stmt 0 view .LVU75
 339 0000 08B5     		push	{r3, lr}
 340              	.LCFI4:
 341              		.cfi_def_cfa_offset 8
 342              		.cfi_offset 3, -8
 343              		.cfi_offset 14, -4
 344 0002 0A46     		mov	r2, r1
ARM GAS  C:\Users\BIGBIG~1\AppData\Local\Temp\cc7ICCZn.s 			page 15


 281:usb/usbd_desc.c ****   {
 345              		.loc 1 281 3 is_stmt 1 view .LVU76
 281:usb/usbd_desc.c ****   {
 346              		.loc 1 281 5 is_stmt 0 view .LVU77
 347 0004 28B9     		cbnz	r0, .L31
 283:usb/usbd_desc.c ****   }
 348              		.loc 1 283 5 is_stmt 1 view .LVU78
 349 0006 0549     		ldr	r1, .L34
 350              	.LVL22:
 283:usb/usbd_desc.c ****   }
 351              		.loc 1 283 5 is_stmt 0 view .LVU79
 352 0008 0548     		ldr	r0, .L34+4
 353              	.LVL23:
 283:usb/usbd_desc.c ****   }
 354              		.loc 1 283 5 view .LVU80
 355 000a FFF7FEFF 		bl	USBD_GetString
 356              	.LVL24:
 357              	.L32:
 289:usb/usbd_desc.c **** }
 358              		.loc 1 289 3 is_stmt 1 view .LVU81
 290:usb/usbd_desc.c **** 
 359              		.loc 1 290 1 is_stmt 0 view .LVU82
 360 000e 0348     		ldr	r0, .L34
 361 0010 08BD     		pop	{r3, pc}
 362              	.LVL25:
 363              	.L31:
 287:usb/usbd_desc.c ****   }
 364              		.loc 1 287 5 is_stmt 1 view .LVU83
 365 0012 0249     		ldr	r1, .L34
 366              	.LVL26:
 287:usb/usbd_desc.c ****   }
 367              		.loc 1 287 5 is_stmt 0 view .LVU84
 368 0014 0248     		ldr	r0, .L34+4
 369              	.LVL27:
 287:usb/usbd_desc.c ****   }
 370              		.loc 1 287 5 view .LVU85
 371 0016 FFF7FEFF 		bl	USBD_GetString
 372              	.LVL28:
 287:usb/usbd_desc.c ****   }
 373              		.loc 1 287 5 view .LVU86
 374 001a F8E7     		b	.L32
 375              	.L35:
 376              		.align	2
 377              	.L34:
 378 001c 00000000 		.word	USBD_StrDesc
 379 0020 00000000 		.word	.LC0
 380              		.cfi_endproc
 381              	.LFE147:
 383              		.section	.rodata.USBD_FS_ManufacturerStrDescriptor.str1.4,"aMS",%progbits,1
 384              		.align	2
 385              	.LC1:
 386 0000 53544D69 		.ascii	"STMicroelectronics\000"
 386      63726F65 
 386      6C656374 
 386      726F6E69 
 386      637300
 387              		.section	.text.USBD_FS_ManufacturerStrDescriptor,"ax",%progbits
ARM GAS  C:\Users\BIGBIG~1\AppData\Local\Temp\cc7ICCZn.s 			page 16


 388              		.align	1
 389              		.global	USBD_FS_ManufacturerStrDescriptor
 390              		.syntax unified
 391              		.thumb
 392              		.thumb_func
 393              		.fpu fpv5-d16
 395              	USBD_FS_ManufacturerStrDescriptor:
 396              	.LVL29:
 397              	.LFB148:
 299:usb/usbd_desc.c ****   UNUSED(speed);
 398              		.loc 1 299 1 is_stmt 1 view -0
 399              		.cfi_startproc
 400              		@ args = 0, pretend = 0, frame = 0
 401              		@ frame_needed = 0, uses_anonymous_args = 0
 299:usb/usbd_desc.c ****   UNUSED(speed);
 402              		.loc 1 299 1 is_stmt 0 view .LVU88
 403 0000 10B5     		push	{r4, lr}
 404              	.LCFI5:
 405              		.cfi_def_cfa_offset 8
 406              		.cfi_offset 4, -8
 407              		.cfi_offset 14, -4
 408 0002 0A46     		mov	r2, r1
 300:usb/usbd_desc.c ****   USBD_GetString((uint8_t *)USBD_MANUFACTURER_STRING, USBD_StrDesc, length);
 409              		.loc 1 300 3 is_stmt 1 view .LVU89
 301:usb/usbd_desc.c ****   return USBD_StrDesc;
 410              		.loc 1 301 3 view .LVU90
 411 0004 034C     		ldr	r4, .L38
 412 0006 2146     		mov	r1, r4
 413              	.LVL30:
 301:usb/usbd_desc.c ****   return USBD_StrDesc;
 414              		.loc 1 301 3 is_stmt 0 view .LVU91
 415 0008 0348     		ldr	r0, .L38+4
 416              	.LVL31:
 301:usb/usbd_desc.c ****   return USBD_StrDesc;
 417              		.loc 1 301 3 view .LVU92
 418 000a FFF7FEFF 		bl	USBD_GetString
 419              	.LVL32:
 302:usb/usbd_desc.c **** }
 420              		.loc 1 302 3 is_stmt 1 view .LVU93
 303:usb/usbd_desc.c **** 
 421              		.loc 1 303 1 is_stmt 0 view .LVU94
 422 000e 2046     		mov	r0, r4
 423 0010 10BD     		pop	{r4, pc}
 424              	.L39:
 425 0012 00BF     		.align	2
 426              	.L38:
 427 0014 00000000 		.word	USBD_StrDesc
 428 0018 00000000 		.word	.LC1
 429              		.cfi_endproc
 430              	.LFE148:
 432              		.section	.rodata.USBD_FS_ConfigStrDescriptor.str1.4,"aMS",%progbits,1
 433              		.align	2
 434              	.LC2:
 435 0000 48494420 		.ascii	"HID Config\000"
 435      436F6E66 
 435      696700
 436              		.section	.text.USBD_FS_ConfigStrDescriptor,"ax",%progbits
ARM GAS  C:\Users\BIGBIG~1\AppData\Local\Temp\cc7ICCZn.s 			page 17


 437              		.align	1
 438              		.global	USBD_FS_ConfigStrDescriptor
 439              		.syntax unified
 440              		.thumb
 441              		.thumb_func
 442              		.fpu fpv5-d16
 444              	USBD_FS_ConfigStrDescriptor:
 445              	.LVL33:
 446              	.LFB150:
 332:usb/usbd_desc.c ****   if(speed == USBD_SPEED_HIGH)
 447              		.loc 1 332 1 is_stmt 1 view -0
 448              		.cfi_startproc
 449              		@ args = 0, pretend = 0, frame = 0
 450              		@ frame_needed = 0, uses_anonymous_args = 0
 332:usb/usbd_desc.c ****   if(speed == USBD_SPEED_HIGH)
 451              		.loc 1 332 1 is_stmt 0 view .LVU96
 452 0000 08B5     		push	{r3, lr}
 453              	.LCFI6:
 454              		.cfi_def_cfa_offset 8
 455              		.cfi_offset 3, -8
 456              		.cfi_offset 14, -4
 457 0002 0A46     		mov	r2, r1
 333:usb/usbd_desc.c ****   {
 458              		.loc 1 333 3 is_stmt 1 view .LVU97
 333:usb/usbd_desc.c ****   {
 459              		.loc 1 333 5 is_stmt 0 view .LVU98
 460 0004 28B9     		cbnz	r0, .L41
 335:usb/usbd_desc.c ****   }
 461              		.loc 1 335 5 is_stmt 1 view .LVU99
 462 0006 0549     		ldr	r1, .L44
 463              	.LVL34:
 335:usb/usbd_desc.c ****   }
 464              		.loc 1 335 5 is_stmt 0 view .LVU100
 465 0008 0548     		ldr	r0, .L44+4
 466              	.LVL35:
 335:usb/usbd_desc.c ****   }
 467              		.loc 1 335 5 view .LVU101
 468 000a FFF7FEFF 		bl	USBD_GetString
 469              	.LVL36:
 470              	.L42:
 341:usb/usbd_desc.c **** }
 471              		.loc 1 341 3 is_stmt 1 view .LVU102
 342:usb/usbd_desc.c **** 
 472              		.loc 1 342 1 is_stmt 0 view .LVU103
 473 000e 0348     		ldr	r0, .L44
 474 0010 08BD     		pop	{r3, pc}
 475              	.LVL37:
 476              	.L41:
 339:usb/usbd_desc.c ****   }
 477              		.loc 1 339 5 is_stmt 1 view .LVU104
 478 0012 0249     		ldr	r1, .L44
 479              	.LVL38:
 339:usb/usbd_desc.c ****   }
 480              		.loc 1 339 5 is_stmt 0 view .LVU105
 481 0014 0248     		ldr	r0, .L44+4
 482              	.LVL39:
 339:usb/usbd_desc.c ****   }
ARM GAS  C:\Users\BIGBIG~1\AppData\Local\Temp\cc7ICCZn.s 			page 18


 483              		.loc 1 339 5 view .LVU106
 484 0016 FFF7FEFF 		bl	USBD_GetString
 485              	.LVL40:
 339:usb/usbd_desc.c ****   }
 486              		.loc 1 339 5 view .LVU107
 487 001a F8E7     		b	.L42
 488              	.L45:
 489              		.align	2
 490              	.L44:
 491 001c 00000000 		.word	USBD_StrDesc
 492 0020 00000000 		.word	.LC2
 493              		.cfi_endproc
 494              	.LFE150:
 496              		.section	.rodata.USBD_FS_InterfaceStrDescriptor.str1.4,"aMS",%progbits,1
 497              		.align	2
 498              	.LC3:
 499 0000 48494420 		.ascii	"HID Interface\000"
 499      496E7465 
 499      72666163 
 499      6500
 500              		.section	.text.USBD_FS_InterfaceStrDescriptor,"ax",%progbits
 501              		.align	1
 502              		.global	USBD_FS_InterfaceStrDescriptor
 503              		.syntax unified
 504              		.thumb
 505              		.thumb_func
 506              		.fpu fpv5-d16
 508              	USBD_FS_InterfaceStrDescriptor:
 509              	.LVL41:
 510              	.LFB151:
 351:usb/usbd_desc.c ****   if(speed == 0)
 511              		.loc 1 351 1 is_stmt 1 view -0
 512              		.cfi_startproc
 513              		@ args = 0, pretend = 0, frame = 0
 514              		@ frame_needed = 0, uses_anonymous_args = 0
 351:usb/usbd_desc.c ****   if(speed == 0)
 515              		.loc 1 351 1 is_stmt 0 view .LVU109
 516 0000 08B5     		push	{r3, lr}
 517              	.LCFI7:
 518              		.cfi_def_cfa_offset 8
 519              		.cfi_offset 3, -8
 520              		.cfi_offset 14, -4
 521 0002 0A46     		mov	r2, r1
 352:usb/usbd_desc.c ****   {
 522              		.loc 1 352 3 is_stmt 1 view .LVU110
 352:usb/usbd_desc.c ****   {
 523              		.loc 1 352 5 is_stmt 0 view .LVU111
 524 0004 28B9     		cbnz	r0, .L47
 354:usb/usbd_desc.c ****   }
 525              		.loc 1 354 5 is_stmt 1 view .LVU112
 526 0006 0549     		ldr	r1, .L50
 527              	.LVL42:
 354:usb/usbd_desc.c ****   }
 528              		.loc 1 354 5 is_stmt 0 view .LVU113
 529 0008 0548     		ldr	r0, .L50+4
 530              	.LVL43:
 354:usb/usbd_desc.c ****   }
ARM GAS  C:\Users\BIGBIG~1\AppData\Local\Temp\cc7ICCZn.s 			page 19


 531              		.loc 1 354 5 view .LVU114
 532 000a FFF7FEFF 		bl	USBD_GetString
 533              	.LVL44:
 534              	.L48:
 360:usb/usbd_desc.c **** }
 535              		.loc 1 360 3 is_stmt 1 view .LVU115
 361:usb/usbd_desc.c **** 
 536              		.loc 1 361 1 is_stmt 0 view .LVU116
 537 000e 0348     		ldr	r0, .L50
 538 0010 08BD     		pop	{r3, pc}
 539              	.LVL45:
 540              	.L47:
 358:usb/usbd_desc.c ****   }
 541              		.loc 1 358 5 is_stmt 1 view .LVU117
 542 0012 0249     		ldr	r1, .L50
 543              	.LVL46:
 358:usb/usbd_desc.c ****   }
 544              		.loc 1 358 5 is_stmt 0 view .LVU118
 545 0014 0248     		ldr	r0, .L50+4
 546              	.LVL47:
 358:usb/usbd_desc.c ****   }
 547              		.loc 1 358 5 view .LVU119
 548 0016 FFF7FEFF 		bl	USBD_GetString
 549              	.LVL48:
 358:usb/usbd_desc.c ****   }
 550              		.loc 1 358 5 view .LVU120
 551 001a F8E7     		b	.L48
 552              	.L51:
 553              		.align	2
 554              	.L50:
 555 001c 00000000 		.word	USBD_StrDesc
 556 0020 00000000 		.word	.LC3
 557              		.cfi_endproc
 558              	.LFE151:
 560              		.global	USBD_StringSerial
 561              		.comm	USBD_StrDesc,512,4
 562              		.global	USBD_LangIDDesc
 563              		.global	USBD_FS_BOSDesc
 564              		.global	USBD_FS_DeviceDesc
 565              		.global	FS_Desc
 566              		.section	.data.FS_Desc,"aw"
 567              		.align	2
 570              	FS_Desc:
 571 0000 00000000 		.word	USBD_FS_DeviceDescriptor
 572 0004 00000000 		.word	USBD_FS_LangIDStrDescriptor
 573 0008 00000000 		.word	USBD_FS_ManufacturerStrDescriptor
 574 000c 00000000 		.word	USBD_FS_ProductStrDescriptor
 575 0010 00000000 		.word	USBD_FS_SerialStrDescriptor
 576 0014 00000000 		.word	USBD_FS_ConfigStrDescriptor
 577 0018 00000000 		.word	USBD_FS_InterfaceStrDescriptor
 578 001c 00000000 		.word	USBD_FS_USR_BOSDescriptor
 579              		.section	.data.USBD_FS_BOSDesc,"aw"
 580              		.align	2
 581              		.set	.LANCHOR2,. + 0
 584              	USBD_FS_BOSDesc:
 585 0000 050F0C00 		.ascii	"\005\017\014\000\001\007\020\002\002\000\000\000"
 585      01071002 
ARM GAS  C:\Users\BIGBIG~1\AppData\Local\Temp\cc7ICCZn.s 			page 20


 585      02000000 
 586              		.section	.data.USBD_FS_DeviceDesc,"aw"
 587              		.align	2
 588              		.set	.LANCHOR0,. + 0
 591              	USBD_FS_DeviceDesc:
 592 0000 12010102 		.ascii	"\022\001\001\002\000\000\000@\203\004+W\000\024\001"
 592      00000040 
 592      83042B57 
 592      001401
 593 000f 020301   		.ascii	"\002\003\001"
 594              		.section	.data.USBD_LangIDDesc,"aw"
 595              		.align	2
 596              		.set	.LANCHOR1,. + 0
 599              	USBD_LangIDDesc:
 600 0000 04030904 		.ascii	"\004\003\011\004"
 601              		.section	.data.USBD_StringSerial,"aw"
 602              		.align	2
 603              		.set	.LANCHOR3,. + 0
 606              	USBD_StringSerial:
 607 0000 1A0300   		.ascii	"\032\003\000"
 608 0003 00000000 		.space	23
 608      00000000 
 608      00000000 
 608      00000000 
 608      00000000 
 609              		.text
 610              	.Letext0:
 611              		.file 2 "c:\\program files (x86)\\gnu arm embedded toolchain\\9 2020-q2-update\\arm-none-eabi\\inc
 612              		.file 3 "c:\\program files (x86)\\gnu arm embedded toolchain\\9 2020-q2-update\\lib\\gcc\\arm-none
 613              		.file 4 "c:\\program files (x86)\\gnu arm embedded toolchain\\9 2020-q2-update\\arm-none-eabi\\inc
 614              		.file 5 "c:\\program files (x86)\\gnu arm embedded toolchain\\9 2020-q2-update\\arm-none-eabi\\inc
 615              		.file 6 "c:\\program files (x86)\\gnu arm embedded toolchain\\9 2020-q2-update\\arm-none-eabi\\inc
 616              		.file 7 "c:\\program files (x86)\\gnu arm embedded toolchain\\9 2020-q2-update\\arm-none-eabi\\inc
 617              		.file 8 "c:\\program files (x86)\\gnu arm embedded toolchain\\9 2020-q2-update\\arm-none-eabi\\inc
 618              		.file 9 "dev/CMSIS/Include/core_cm7.h"
 619              		.file 10 "dev/CMSIS/Device/ST/STM32F7xx/Include/system_stm32f7xx.h"
 620              		.file 11 "dev/STM32F7xx_HAL_Driver/Inc/stm32f7xx_hal.h"
 621              		.file 12 "lib/STM32_USB_Device_Library/Core/Inc/usbd_def.h"
 622              		.file 13 "usb/usbd_desc.h"
 623              		.file 14 "lib/STM32_USB_Device_Library/Core/Inc/usbd_ctlreq.h"
ARM GAS  C:\Users\BIGBIG~1\AppData\Local\Temp\cc7ICCZn.s 			page 21


DEFINED SYMBOLS
                            *ABS*:00000000 usbd_desc.c
C:\Users\BIGBIG~1\AppData\Local\Temp\cc7ICCZn.s:17     .text.USBD_FS_DeviceDescriptor:00000000 $t
C:\Users\BIGBIG~1\AppData\Local\Temp\cc7ICCZn.s:25     .text.USBD_FS_DeviceDescriptor:00000000 USBD_FS_DeviceDescriptor
C:\Users\BIGBIG~1\AppData\Local\Temp\cc7ICCZn.s:48     .text.USBD_FS_DeviceDescriptor:00000008 $d
C:\Users\BIGBIG~1\AppData\Local\Temp\cc7ICCZn.s:53     .text.USBD_FS_LangIDStrDescriptor:00000000 $t
C:\Users\BIGBIG~1\AppData\Local\Temp\cc7ICCZn.s:60     .text.USBD_FS_LangIDStrDescriptor:00000000 USBD_FS_LangIDStrDescriptor
C:\Users\BIGBIG~1\AppData\Local\Temp\cc7ICCZn.s:82     .text.USBD_FS_LangIDStrDescriptor:00000008 $d
C:\Users\BIGBIG~1\AppData\Local\Temp\cc7ICCZn.s:87     .text.USBD_FS_USR_BOSDescriptor:00000000 $t
C:\Users\BIGBIG~1\AppData\Local\Temp\cc7ICCZn.s:94     .text.USBD_FS_USR_BOSDescriptor:00000000 USBD_FS_USR_BOSDescriptor
C:\Users\BIGBIG~1\AppData\Local\Temp\cc7ICCZn.s:116    .text.USBD_FS_USR_BOSDescriptor:00000008 $d
C:\Users\BIGBIG~1\AppData\Local\Temp\cc7ICCZn.s:121    .text.IntToUnicode:00000000 $t
C:\Users\BIGBIG~1\AppData\Local\Temp\cc7ICCZn.s:127    .text.IntToUnicode:00000000 IntToUnicode
C:\Users\BIGBIG~1\AppData\Local\Temp\cc7ICCZn.s:209    .text.Get_SerialNum:00000000 $t
C:\Users\BIGBIG~1\AppData\Local\Temp\cc7ICCZn.s:215    .text.Get_SerialNum:00000000 Get_SerialNum
C:\Users\BIGBIG~1\AppData\Local\Temp\cc7ICCZn.s:274    .text.Get_SerialNum:0000002c $d
C:\Users\BIGBIG~1\AppData\Local\Temp\cc7ICCZn.s:280    .text.USBD_FS_SerialStrDescriptor:00000000 $t
C:\Users\BIGBIG~1\AppData\Local\Temp\cc7ICCZn.s:287    .text.USBD_FS_SerialStrDescriptor:00000000 USBD_FS_SerialStrDescriptor
C:\Users\BIGBIG~1\AppData\Local\Temp\cc7ICCZn.s:315    .text.USBD_FS_SerialStrDescriptor:00000010 $d
C:\Users\BIGBIG~1\AppData\Local\Temp\cc7ICCZn.s:320    .rodata.USBD_FS_ProductStrDescriptor.str1.4:00000000 $d
C:\Users\BIGBIG~1\AppData\Local\Temp\cc7ICCZn.s:324    .text.USBD_FS_ProductStrDescriptor:00000000 $t
C:\Users\BIGBIG~1\AppData\Local\Temp\cc7ICCZn.s:331    .text.USBD_FS_ProductStrDescriptor:00000000 USBD_FS_ProductStrDescriptor
C:\Users\BIGBIG~1\AppData\Local\Temp\cc7ICCZn.s:378    .text.USBD_FS_ProductStrDescriptor:0000001c $d
                            *COM*:00000200 USBD_StrDesc
C:\Users\BIGBIG~1\AppData\Local\Temp\cc7ICCZn.s:384    .rodata.USBD_FS_ManufacturerStrDescriptor.str1.4:00000000 $d
C:\Users\BIGBIG~1\AppData\Local\Temp\cc7ICCZn.s:388    .text.USBD_FS_ManufacturerStrDescriptor:00000000 $t
C:\Users\BIGBIG~1\AppData\Local\Temp\cc7ICCZn.s:395    .text.USBD_FS_ManufacturerStrDescriptor:00000000 USBD_FS_ManufacturerStrDescriptor
C:\Users\BIGBIG~1\AppData\Local\Temp\cc7ICCZn.s:427    .text.USBD_FS_ManufacturerStrDescriptor:00000014 $d
C:\Users\BIGBIG~1\AppData\Local\Temp\cc7ICCZn.s:433    .rodata.USBD_FS_ConfigStrDescriptor.str1.4:00000000 $d
C:\Users\BIGBIG~1\AppData\Local\Temp\cc7ICCZn.s:437    .text.USBD_FS_ConfigStrDescriptor:00000000 $t
C:\Users\BIGBIG~1\AppData\Local\Temp\cc7ICCZn.s:444    .text.USBD_FS_ConfigStrDescriptor:00000000 USBD_FS_ConfigStrDescriptor
C:\Users\BIGBIG~1\AppData\Local\Temp\cc7ICCZn.s:491    .text.USBD_FS_ConfigStrDescriptor:0000001c $d
C:\Users\BIGBIG~1\AppData\Local\Temp\cc7ICCZn.s:497    .rodata.USBD_FS_InterfaceStrDescriptor.str1.4:00000000 $d
C:\Users\BIGBIG~1\AppData\Local\Temp\cc7ICCZn.s:501    .text.USBD_FS_InterfaceStrDescriptor:00000000 $t
C:\Users\BIGBIG~1\AppData\Local\Temp\cc7ICCZn.s:508    .text.USBD_FS_InterfaceStrDescriptor:00000000 USBD_FS_InterfaceStrDescriptor
C:\Users\BIGBIG~1\AppData\Local\Temp\cc7ICCZn.s:555    .text.USBD_FS_InterfaceStrDescriptor:0000001c $d
C:\Users\BIGBIG~1\AppData\Local\Temp\cc7ICCZn.s:606    .data.USBD_StringSerial:00000000 USBD_StringSerial
C:\Users\BIGBIG~1\AppData\Local\Temp\cc7ICCZn.s:599    .data.USBD_LangIDDesc:00000000 USBD_LangIDDesc
C:\Users\BIGBIG~1\AppData\Local\Temp\cc7ICCZn.s:584    .data.USBD_FS_BOSDesc:00000000 USBD_FS_BOSDesc
C:\Users\BIGBIG~1\AppData\Local\Temp\cc7ICCZn.s:591    .data.USBD_FS_DeviceDesc:00000000 USBD_FS_DeviceDesc
C:\Users\BIGBIG~1\AppData\Local\Temp\cc7ICCZn.s:570    .data.FS_Desc:00000000 FS_Desc
C:\Users\BIGBIG~1\AppData\Local\Temp\cc7ICCZn.s:567    .data.FS_Desc:00000000 $d
C:\Users\BIGBIG~1\AppData\Local\Temp\cc7ICCZn.s:580    .data.USBD_FS_BOSDesc:00000000 $d
C:\Users\BIGBIG~1\AppData\Local\Temp\cc7ICCZn.s:587    .data.USBD_FS_DeviceDesc:00000000 $d
C:\Users\BIGBIG~1\AppData\Local\Temp\cc7ICCZn.s:595    .data.USBD_LangIDDesc:00000000 $d
C:\Users\BIGBIG~1\AppData\Local\Temp\cc7ICCZn.s:602    .data.USBD_StringSerial:00000000 $d

UNDEFINED SYMBOLS
USBD_GetString
